[debug] [2022-04-30T08:10:25.444Z] ----------------------------------------------------------------------
[debug] [2022-04-30T08:10:25.448Z] Command:       /usr/bin/node /home/roberto/EESSAgenda_src/EESSAgenda/node_modules/.bin/firebase deploy
[debug] [2022-04-30T08:10:25.449Z] CLI Version:   10.4.2
[debug] [2022-04-30T08:10:25.449Z] Platform:      linux
[debug] [2022-04-30T08:10:25.450Z] Node Version:  v18.0.0
[debug] [2022-04-30T08:10:25.453Z] Time:          Sat Apr 30 2022 10:10:25 GMT+0200 (Ora legale dell’Europa centrale)
[debug] [2022-04-30T08:10:25.453Z] ----------------------------------------------------------------------
[debug] 
[debug] [2022-04-30T08:10:25.588Z] > command requires scopes: ["email","openid","https://www.googleapis.com/auth/cloudplatformprojects.readonly","https://www.googleapis.com/auth/firebase","https://www.googleapis.com/auth/cloud-platform"]
[debug] [2022-04-30T08:10:25.589Z] > authorizing via signed-in user (rcarnevale74@gmail.com)
[debug] [2022-04-30T08:10:25.589Z] [iam] checking project eess-agendas for permissions ["datastore.indexes.create","datastore.indexes.delete","datastore.indexes.list","datastore.indexes.update","firebase.projects.get","firebasehosting.sites.update"]
[debug] [2022-04-30T08:10:25.591Z] > refreshing access token with scopes: []
[debug] [2022-04-30T08:10:25.591Z] >>> HTTP REQUEST POST https://www.googleapis.com/oauth2/v3/token  
 <request body omitted>
[debug] [2022-04-30T08:10:25.806Z] <<< HTTP RESPONSE 200 {"date":"Sat, 30 Apr 2022 08:10:25 GMT","cache-control":"no-cache, no-store, max-age=0, must-revalidate","pragma":"no-cache","expires":"Mon, 01 Jan 1990 00:00:00 GMT","content-type":"application/json; charset=utf-8","vary":"X-Origin, Referer, Origin,Accept-Encoding","server":"scaffolding on HTTPServer2","x-xss-protection":"0","x-frame-options":"SAMEORIGIN","x-content-type-options":"nosniff","alt-svc":"h3=\":443\"; ma=2592000,h3-29=\":443\"; ma=2592000,h3-Q050=\":443\"; ma=2592000,h3-Q046=\":443\"; ma=2592000,h3-Q043=\":443\"; ma=2592000,quic=\":443\"; ma=2592000; v=\"46,43\"","accept-ranges":"none","transfer-encoding":"chunked"}
[debug] [2022-04-30T08:10:25.952Z] >>> [apiv2][query] POST https://cloudresourcemanager.googleapis.com/v1/projects/eess-agendas:testIamPermissions [none]
[debug] [2022-04-30T08:10:25.953Z] >>> [apiv2][body] POST https://cloudresourcemanager.googleapis.com/v1/projects/eess-agendas:testIamPermissions {"permissions":["datastore.indexes.create","datastore.indexes.delete","datastore.indexes.list","datastore.indexes.update","firebase.projects.get","firebasehosting.sites.update"]}
[debug] [2022-04-30T08:10:26.731Z] <<< [apiv2][status] POST https://cloudresourcemanager.googleapis.com/v1/projects/eess-agendas:testIamPermissions 200
[debug] [2022-04-30T08:10:26.732Z] <<< [apiv2][body] POST https://cloudresourcemanager.googleapis.com/v1/projects/eess-agendas:testIamPermissions {"permissions":["datastore.indexes.create","datastore.indexes.delete","datastore.indexes.list","datastore.indexes.update","firebase.projects.get","firebasehosting.sites.update"]}
[debug] [2022-04-30T08:10:26.734Z] >>> [apiv2][query] GET https://firebase.googleapis.com/v1beta1/projects/eess-agendas [none]
[debug] [2022-04-30T08:10:26.972Z] <<< [apiv2][status] GET https://firebase.googleapis.com/v1beta1/projects/eess-agendas 200
[debug] [2022-04-30T08:10:26.972Z] <<< [apiv2][body] GET https://firebase.googleapis.com/v1beta1/projects/eess-agendas {"projectId":"eess-agendas","projectNumber":"622524642450","displayName":"EESS-Agenda","name":"projects/eess-agendas","resources":{"hostingSite":"eess-agendas","storageBucket":"eess-agendas.appspot.com","locationId":"europe-west"},"state":"ACTIVE"}
[info] 
[info] === Deploying to 'eess-agendas'...
[info] 
[info] i  deploying firestore, hosting 
[info] i  firestore: reading indexes from firestore.indexes.json... 
[info] i  cloud.firestore: checking firestore.rules for compilation errors... 
[debug] [2022-04-30T08:10:27.011Z] >>> [apiv2][query] POST https://firebaserules.googleapis.com/v1/projects/eess-agendas:test [none]
[debug] [2022-04-30T08:10:27.011Z] >>> [apiv2][body] POST https://firebaserules.googleapis.com/v1/projects/eess-agendas:test [omitted]
[debug] [2022-04-30T08:10:27.787Z] <<< [apiv2][status] POST https://firebaserules.googleapis.com/v1/projects/eess-agendas:test 200
[debug] [2022-04-30T08:10:27.787Z] <<< [apiv2][body] POST https://firebaserules.googleapis.com/v1/projects/eess-agendas:test {}
[info] ✔  cloud.firestore: rules file firestore.rules compiled successfully 
[debug] [2022-04-30T08:10:27.789Z] >>> [apiv2][query] GET https://firebase.googleapis.com/v1beta1/projects/eess-agendas [none]
[debug] [2022-04-30T08:10:28.046Z] <<< [apiv2][status] GET https://firebase.googleapis.com/v1beta1/projects/eess-agendas 200
[debug] [2022-04-30T08:10:28.046Z] <<< [apiv2][body] GET https://firebase.googleapis.com/v1beta1/projects/eess-agendas {"projectId":"eess-agendas","projectNumber":"622524642450","displayName":"EESS-Agenda","name":"projects/eess-agendas","resources":{"hostingSite":"eess-agendas","storageBucket":"eess-agendas.appspot.com","locationId":"europe-west"},"state":"ACTIVE"}
[debug] [2022-04-30T08:10:28.051Z] >>> [apiv2][query] POST https://firebasehosting.googleapis.com/v1beta1/projects/622524642450/sites/eess-agendas/versions [none]
[debug] [2022-04-30T08:10:28.051Z] >>> [apiv2][body] POST https://firebasehosting.googleapis.com/v1beta1/projects/622524642450/sites/eess-agendas/versions {"config":{"rewrites":[{"glob":"**","path":"/index.html"}]},"labels":{"deployment-tool":"cli-firebase"}}
